  player.cpp
  Paladin.cpp
  main.cpp
z:\git\raknetgbc\raknet-master\kevintieu-raknetempty\fhosn-raknetempty\main.cpp(152): warning C4018: '<': signed/unsigned mismatch
z:\git\raknetgbc\raknet-master\kevintieu-raknetempty\fhosn-raknetempty\main.cpp(368): warning C4477: 'printf' : format string '%I64u' requires an argument of type 'unsigned __int64', but variadic argument 1 has type 'RakNet::RakNetGUID'
z:\git\raknetgbc\raknet-master\kevintieu-raknetempty\fhosn-raknetempty\main.cpp(441): warning C4018: '<': signed/unsigned mismatch
z:\git\raknetgbc\raknet-master\kevintieu-raknetempty\fhosn-raknetempty\main.cpp(553): warning C4018: '<': signed/unsigned mismatch
z:\git\raknetgbc\raknet-master\kevintieu-raknetempty\fhosn-raknetempty\main.cpp(674): warning C4018: '>=': signed/unsigned mismatch
z:\git\raknetgbc\raknet-master\kevintieu-raknetempty\fhosn-raknetempty\main.cpp(696): warning C4018: '<': signed/unsigned mismatch
  Beserker.cpp
  Assassin.cpp
  Generating Code...
RakNet_VS2008_LibStatic_Debug_Win32.lib(BitStream.obj) : warning LNK4099: PDB 'RakNet_VS2008_LibStatic_Debug_Win32.pdb' was not found with 'RakNet_VS2008_LibStatic_Debug_Win32.lib(BitStream.obj)' or at 'Z:\Git\RakNetgbc\RakNet-master\KevinTieu-RaknetEmpty\Debug\RakNet_VS2008_LibStatic_Debug_Win32.pdb'; linking object as if no debug info
RakNet_VS2008_LibStatic_Debug_Win32.lib(CCRakNetSlidingWindow.obj) : warning LNK4099: PDB 'RakNet_VS2008_LibStatic_Debug_Win32.pdb' was not found with 'RakNet_VS2008_LibStatic_Debug_Win32.lib(CCRakNetSlidingWindow.obj)' or at 'Z:\Git\RakNetgbc\RakNet-master\KevinTieu-RaknetEmpty\Debug\RakNet_VS2008_LibStatic_Debug_Win32.pdb'; linking object as if no debug info
RakNet_VS2008_LibStatic_Debug_Win32.lib(DR_SHA1.obj) : warning LNK4099: PDB 'RakNet_VS2008_LibStatic_Debug_Win32.pdb' was not found with 'RakNet_VS2008_LibStatic_Debug_Win32.lib(DR_SHA1.obj)' or at 'Z:\Git\RakNetgbc\RakNet-master\KevinTieu-RaknetEmpty\Debug\RakNet_VS2008_LibStatic_Debug_Win32.pdb'; linking object as if no debug info
RakNet_VS2008_LibStatic_Debug_Win32.lib(DS_ByteQueue.obj) : warning LNK4099: PDB 'RakNet_VS2008_LibStatic_Debug_Win32.pdb' was not found with 'RakNet_VS2008_LibStatic_Debug_Win32.lib(DS_ByteQueue.obj)' or at 'Z:\Git\RakNetgbc\RakNet-master\KevinTieu-RaknetEmpty\Debug\RakNet_VS2008_LibStatic_Debug_Win32.pdb'; linking object as if no debug info
RakNet_VS2008_LibStatic_Debug_Win32.lib(DS_HuffmanEncodingTree.obj) : warning LNK4099: PDB 'RakNet_VS2008_LibStatic_Debug_Win32.pdb' was not found with 'RakNet_VS2008_LibStatic_Debug_Win32.lib(DS_HuffmanEncodingTree.obj)' or at 'Z:\Git\RakNetgbc\RakNet-master\KevinTieu-RaknetEmpty\Debug\RakNet_VS2008_LibStatic_Debug_Win32.pdb'; linking object as if no debug info
RakNet_VS2008_LibStatic_Debug_Win32.lib(GetTime.obj) : warning LNK4099: PDB 'RakNet_VS2008_LibStatic_Debug_Win32.pdb' was not found with 'RakNet_VS2008_LibStatic_Debug_Win32.lib(GetTime.obj)' or at 'Z:\Git\RakNetgbc\RakNet-master\KevinTieu-RaknetEmpty\Debug\RakNet_VS2008_LibStatic_Debug_Win32.pdb'; linking object as if no debug info
RakNet_VS2008_LibStatic_Debug_Win32.lib(Itoa.obj) : warning LNK4099: PDB 'RakNet_VS2008_LibStatic_Debug_Win32.pdb' was not found with 'RakNet_VS2008_LibStatic_Debug_Win32.lib(Itoa.obj)' or at 'Z:\Git\RakNetgbc\RakNet-master\KevinTieu-RaknetEmpty\Debug\RakNet_VS2008_LibStatic_Debug_Win32.pdb'; linking object as if no debug info
RakNet_VS2008_LibStatic_Debug_Win32.lib(LocklessTypes.obj) : warning LNK4099: PDB 'RakNet_VS2008_LibStatic_Debug_Win32.pdb' was not found with 'RakNet_VS2008_LibStatic_Debug_Win32.lib(LocklessTypes.obj)' or at 'Z:\Git\RakNetgbc\RakNet-master\KevinTieu-RaknetEmpty\Debug\RakNet_VS2008_LibStatic_Debug_Win32.pdb'; linking object as if no debug info
RakNet_VS2008_LibStatic_Debug_Win32.lib(PluginInterface2.obj) : warning LNK4099: PDB 'RakNet_VS2008_LibStatic_Debug_Win32.pdb' was not found with 'RakNet_VS2008_LibStatic_Debug_Win32.lib(PluginInterface2.obj)' or at 'Z:\Git\RakNetgbc\RakNet-master\KevinTieu-RaknetEmpty\Debug\RakNet_VS2008_LibStatic_Debug_Win32.pdb'; linking object as if no debug info
RakNet_VS2008_LibStatic_Debug_Win32.lib(RakMemoryOverride.obj) : warning LNK4099: PDB 'RakNet_VS2008_LibStatic_Debug_Win32.pdb' was not found with 'RakNet_VS2008_LibStatic_Debug_Win32.lib(RakMemoryOverride.obj)' or at 'Z:\Git\RakNetgbc\RakNet-master\KevinTieu-RaknetEmpty\Debug\RakNet_VS2008_LibStatic_Debug_Win32.pdb'; linking object as if no debug info
RakNet_VS2008_LibStatic_Debug_Win32.lib(RakNetSocket2.obj) : warning LNK4099: PDB 'RakNet_VS2008_LibStatic_Debug_Win32.pdb' was not found with 'RakNet_VS2008_LibStatic_Debug_Win32.lib(RakNetSocket2.obj)' or at 'Z:\Git\RakNetgbc\RakNet-master\KevinTieu-RaknetEmpty\Debug\RakNet_VS2008_LibStatic_Debug_Win32.pdb'; linking object as if no debug info
RakNet_VS2008_LibStatic_Debug_Win32.lib(RakNetTypes.obj) : warning LNK4099: PDB 'RakNet_VS2008_LibStatic_Debug_Win32.pdb' was not found with 'RakNet_VS2008_LibStatic_Debug_Win32.lib(RakNetTypes.obj)' or at 'Z:\Git\RakNetgbc\RakNet-master\KevinTieu-RaknetEmpty\Debug\RakNet_VS2008_LibStatic_Debug_Win32.pdb'; linking object as if no debug info
RakNet_VS2008_LibStatic_Debug_Win32.lib(RakPeer.obj) : warning LNK4099: PDB 'RakNet_VS2008_LibStatic_Debug_Win32.pdb' was not found with 'RakNet_VS2008_LibStatic_Debug_Win32.lib(RakPeer.obj)' or at 'Z:\Git\RakNetgbc\RakNet-master\KevinTieu-RaknetEmpty\Debug\RakNet_VS2008_LibStatic_Debug_Win32.pdb'; linking object as if no debug info
RakNet_VS2008_LibStatic_Debug_Win32.lib(RakSleep.obj) : warning LNK4099: PDB 'RakNet_VS2008_LibStatic_Debug_Win32.pdb' was not found with 'RakNet_VS2008_LibStatic_Debug_Win32.lib(RakSleep.obj)' or at 'Z:\Git\RakNetgbc\RakNet-master\KevinTieu-RaknetEmpty\Debug\RakNet_VS2008_LibStatic_Debug_Win32.pdb'; linking object as if no debug info
RakNet_VS2008_LibStatic_Debug_Win32.lib(RakString.obj) : warning LNK4099: PDB 'RakNet_VS2008_LibStatic_Debug_Win32.pdb' was not found with 'RakNet_VS2008_LibStatic_Debug_Win32.lib(RakString.obj)' or at 'Z:\Git\RakNetgbc\RakNet-master\KevinTieu-RaknetEmpty\Debug\RakNet_VS2008_LibStatic_Debug_Win32.pdb'; linking object as if no debug info
RakNet_VS2008_LibStatic_Debug_Win32.lib(RakThread.obj) : warning LNK4099: PDB 'RakNet_VS2008_LibStatic_Debug_Win32.pdb' was not found with 'RakNet_VS2008_LibStatic_Debug_Win32.lib(RakThread.obj)' or at 'Z:\Git\RakNetgbc\RakNet-master\KevinTieu-RaknetEmpty\Debug\RakNet_VS2008_LibStatic_Debug_Win32.pdb'; linking object as if no debug info
RakNet_VS2008_LibStatic_Debug_Win32.lib(Rand.obj) : warning LNK4099: PDB 'RakNet_VS2008_LibStatic_Debug_Win32.pdb' was not found with 'RakNet_VS2008_LibStatic_Debug_Win32.lib(Rand.obj)' or at 'Z:\Git\RakNetgbc\RakNet-master\KevinTieu-RaknetEmpty\Debug\RakNet_VS2008_LibStatic_Debug_Win32.pdb'; linking object as if no debug info
RakNet_VS2008_LibStatic_Debug_Win32.lib(ReliabilityLayer.obj) : warning LNK4099: PDB 'RakNet_VS2008_LibStatic_Debug_Win32.pdb' was not found with 'RakNet_VS2008_LibStatic_Debug_Win32.lib(ReliabilityLayer.obj)' or at 'Z:\Git\RakNetgbc\RakNet-master\KevinTieu-RaknetEmpty\Debug\RakNet_VS2008_LibStatic_Debug_Win32.pdb'; linking object as if no debug info
RakNet_VS2008_LibStatic_Debug_Win32.lib(SignaledEvent.obj) : warning LNK4099: PDB 'RakNet_VS2008_LibStatic_Debug_Win32.pdb' was not found with 'RakNet_VS2008_LibStatic_Debug_Win32.lib(SignaledEvent.obj)' or at 'Z:\Git\RakNetgbc\RakNet-master\KevinTieu-RaknetEmpty\Debug\RakNet_VS2008_LibStatic_Debug_Win32.pdb'; linking object as if no debug info
RakNet_VS2008_LibStatic_Debug_Win32.lib(SimpleMutex.obj) : warning LNK4099: PDB 'RakNet_VS2008_LibStatic_Debug_Win32.pdb' was not found with 'RakNet_VS2008_LibStatic_Debug_Win32.lib(SimpleMutex.obj)' or at 'Z:\Git\RakNetgbc\RakNet-master\KevinTieu-RaknetEmpty\Debug\RakNet_VS2008_LibStatic_Debug_Win32.pdb'; linking object as if no debug info
RakNet_VS2008_LibStatic_Debug_Win32.lib(SocketLayer.obj) : warning LNK4099: PDB 'RakNet_VS2008_LibStatic_Debug_Win32.pdb' was not found with 'RakNet_VS2008_LibStatic_Debug_Win32.lib(SocketLayer.obj)' or at 'Z:\Git\RakNetgbc\RakNet-master\KevinTieu-RaknetEmpty\Debug\RakNet_VS2008_LibStatic_Debug_Win32.pdb'; linking object as if no debug info
RakNet_VS2008_LibStatic_Debug_Win32.lib(StringCompressor.obj) : warning LNK4099: PDB 'RakNet_VS2008_LibStatic_Debug_Win32.pdb' was not found with 'RakNet_VS2008_LibStatic_Debug_Win32.lib(StringCompressor.obj)' or at 'Z:\Git\RakNetgbc\RakNet-master\KevinTieu-RaknetEmpty\Debug\RakNet_VS2008_LibStatic_Debug_Win32.pdb'; linking object as if no debug info
RakNet_VS2008_LibStatic_Debug_Win32.lib(StringTable.obj) : warning LNK4099: PDB 'RakNet_VS2008_LibStatic_Debug_Win32.pdb' was not found with 'RakNet_VS2008_LibStatic_Debug_Win32.lib(StringTable.obj)' or at 'Z:\Git\RakNetgbc\RakNet-master\KevinTieu-RaknetEmpty\Debug\RakNet_VS2008_LibStatic_Debug_Win32.pdb'; linking object as if no debug info
RakNet_VS2008_LibStatic_Debug_Win32.lib(SuperFastHash.obj) : warning LNK4099: PDB 'RakNet_VS2008_LibStatic_Debug_Win32.pdb' was not found with 'RakNet_VS2008_LibStatic_Debug_Win32.lib(SuperFastHash.obj)' or at 'Z:\Git\RakNetgbc\RakNet-master\KevinTieu-RaknetEmpty\Debug\RakNet_VS2008_LibStatic_Debug_Win32.pdb'; linking object as if no debug info
RakNet_VS2008_LibStatic_Debug_Win32.lib(TCPInterface.obj) : warning LNK4099: PDB 'RakNet_VS2008_LibStatic_Debug_Win32.pdb' was not found with 'RakNet_VS2008_LibStatic_Debug_Win32.lib(TCPInterface.obj)' or at 'Z:\Git\RakNetgbc\RakNet-master\KevinTieu-RaknetEmpty\Debug\RakNet_VS2008_LibStatic_Debug_Win32.pdb'; linking object as if no debug info
RakNet_VS2008_LibStatic_Debug_Win32.lib(WSAStartupSingleton.obj) : warning LNK4099: PDB 'RakNet_VS2008_LibStatic_Debug_Win32.pdb' was not found with 'RakNet_VS2008_LibStatic_Debug_Win32.lib(WSAStartupSingleton.obj)' or at 'Z:\Git\RakNetgbc\RakNet-master\KevinTieu-RaknetEmpty\Debug\RakNet_VS2008_LibStatic_Debug_Win32.pdb'; linking object as if no debug info
  fhosn-RaknetEmpty.vcxproj -> Z:\Git\RakNetgbc\RakNet-master\KevinTieu-RaknetEmpty\Debug\fhosn-RaknetEmpty.exe
  fhosn-RaknetEmpty.vcxproj -> Z:\Git\RakNetgbc\RakNet-master\KevinTieu-RaknetEmpty\Debug\fhosn-RaknetEmpty.pdb (Partial PDB)
